<?xml version="1.0" encoding="UTF-8"?>
<testsuite name="Academy Choucair" tests="1" skipped="1" failures="0" errors="0" timestamp="2021-10-08T14:22:19" hostname="DESKTOP-9SF429B" time="0.134">
  <properties/>
  <testcase name="Search for a automation course" classname="Academy Choucair" time="0.134">
    <skipped/>
  </testcase>
  <system-out><![CDATA[]]></system-out>
  <system-err><![CDATA[[Test worker] WARN net.thucydides.core.steps.BaseStepListener - stepStarted: net.thucydides.core.steps.ExecutedStepDescription@299b1dbf
[Test worker] INFO net.thucydides.core.steps.ConsoleLoggingListener - TEST PENDING
[Test worker] WARN net.thucydides.core.steps.BaseStepListener - stepStarted: net.thucydides.core.steps.ExecutedStepDescription@1682f91d
[Test worker] WARN net.thucydides.core.steps.BaseStepListener - stepStarted: net.thucydides.core.steps.ExecutedStepDescription@3edc7f36
[Test worker] WARN net.thucydides.core.steps.BaseStepListener - testFinished: Search for a automation course:Given Than Brandon wants to learn automation at the academy Choucair
| strUser | strPassword |
| TuUsuario | TuClave |, When he search for the course Recursos Automatizacion Bancolombia on the choucair academy platform
| strCourse |
| Metodologia Bancolombia |, Then he finds the course called resources Recursos Automatizacion Bancolombia
| strCourse |
| Metodologia Bancolombia |
[Test worker] WARN net.thucydides.core.steps.BaseStepListener - TestOutcomes: [Search for a automation course:Given Than Brandon wants to learn automation at the academy Choucair
| strUser | strPassword |
| TuUsuario | TuClave |, When he search for the course Recursos Automatizacion Bancolombia on the choucair academy platform
| strCourse |
| Metodologia Bancolombia |, Then he finds the course called resources Recursos Automatizacion Bancolombia
| strCourse |
| Metodologia Bancolombia |]
[Test worker] WARN net.thucydides.core.steps.BaseStepListener - Final testOutcomes: [Search for a automation course:Given Than Brandon wants to learn automation at the academy Choucair
| strUser | strPassword |
| TuUsuario | TuClave |, When he search for the course Recursos Automatizacion Bancolombia on the choucair academy platform
| strCourse |
| Metodologia Bancolombia |, Then he finds the course called resources Recursos Automatizacion Bancolombia
| strCourse |
| Metodologia Bancolombia |]
[Test worker] INFO net.thucydides.core.steps.ConsoleLoggingListener - 
          __  _____ _____ ____ _____   ____  _____ _   _ ____ ___ _   _  ____ 
 _       / / |_   _| ____/ ___|_   _| |  _ \| ____| \ | |  _ \_ _| \ | |/ ___|
(_)____ / /    | | |  _| \___ \ | |   | |_) |  _| |  \| | | | | ||  \| | |  _ 
 |_____/ /     | | | |___ ___) || |   |  __/| |___| |\  | |_| | || |\  | |_| |
(_)   /_/      |_| |_____|____/ |_|   |_|   |_____|_| \_|____/___|_| \_|\____|
                                                                                

TEST PENDING: Search for a automation course
---------------------------------------------------------------------------------
]]></system-err>
</testsuite>
